[     522ms] [INFO] %cDownload the React DevTools for a better development experience: https://reactjs.org/link/react-devtools font-weight:bold @ http://localhost:3002/node_modules/.vite/deps/chunk-4JV6IK6A.js?v=01f477be:21548
[     574ms] [ERROR] Warning: Each child in a list should have a unique "key" prop.%s%s See https://reactjs.org/link/warning-keys for more information.%s 

Check the render method of `Breadcrumbs`.  
    at li
    at Breadcrumbs (http://localhost:3002/src/components/Breadcrumbs.jsx:18:39)
    at div
    at section
    at main
    at CoreServicePage (http://localhost:3002/src/pages/CoreServicePage.jsx?t=1775501324023:32:20)
    at RenderedRoute (http://localhost:3002/node_modules/.vite/deps/react-router-dom.js?v=01f477be:4129:5)
    at Outlet (http://localhost:3002/node_modules/.vite/deps/react-router-dom.js?v=01f477be:4535:26)
    at main
    at div
    at SiteLayout
    at RenderedRoute (http://localhost:3002/node_modules/.vite/deps/react-router-dom.js?v=01f477be:4129:5)
    at Routes (http://localhost:3002/node_modules/.vite/deps/react-router-dom.js?v=01f477be:4599:5)
    at App
    at Router (http://localhost:3002/node_modules/.vite/deps/react-router-dom.js?v=01f477be:4542:15)
    at BrowserRouter (http://localhost:3002/node_modules/.vite/deps/react-router-dom.js?v=01f477be:5288:5)
    at _a (http://localhost:3002/node_modules/.vite/deps/react-helmet-async.js?v=01f477be:622:5) @ http://localhost:3002/node_modules/.vite/deps/react_jsx-dev-runtime.js?v=01f477be:61
[     648ms] [WARNING] ⚠️ React Router Future Flag Warning: React Router will begin wrapping state updates in `React.startTransition` in v7. You can use the `v7_startTransition` future flag to opt-in early. For more information, see https://reactrouter.com/v6/upgrading/future#v7_starttransition. @ http://localhost:3002/node_modules/.vite/deps/react-router-dom.js?v=01f477be:4433
[     648ms] [WARNING] ⚠️ React Router Future Flag Warning: Relative route resolution within Splat routes is changing in v7. You can use the `v7_relativeSplatPath` future flag to opt-in early. For more information, see https://reactrouter.com/v6/upgrading/future#v7_relativesplatpath. @ http://localhost:3002/node_modules/.vite/deps/react-router-dom.js?v=01f477be:4433
[  324282ms] [ERROR] Failed to load resource: the server responded with a status of 500 (Internal Server Error) @ http://localhost:3002/src/data/coreServices.js?t=1775501658192:0
[  324284ms] [ERROR] [hmr] Failed to reload /src/pages/MasterSEOPage.jsx. This could be due to syntax errors or importing non-existent modules. (see errors above) @ http://localhost:3002/@vite/client:175
[  324284ms] [ERROR] [hmr] Failed to reload /src/pages/projects/ProjectDetailPage.jsx. This could be due to syntax errors or importing non-existent modules. (see errors above) @ http://localhost:3002/@vite/client:175
[  324284ms] [ERROR] [hmr] Failed to reload /src/pages/ServicesPage.jsx. This could be due to syntax errors or importing non-existent modules. (see errors above) @ http://localhost:3002/@vite/client:175
[  324284ms] [ERROR] [hmr] Failed to reload /src/pages/LocalServicePage.jsx. This could be due to syntax errors or importing non-existent modules. (see errors above) @ http://localhost:3002/@vite/client:175
[  324284ms] [ERROR] [hmr] Failed to reload /src/pages/HomePage.jsx. This could be due to syntax errors or importing non-existent modules. (see errors above) @ http://localhost:3002/@vite/client:175
[  324285ms] [ERROR] [hmr] Failed to reload /src/App.jsx. This could be due to syntax errors or importing non-existent modules. (see errors above) @ http://localhost:3002/@vite/client:175
[  324285ms] [ERROR] [hmr] Failed to reload /src/pages/CoreServicePage.jsx. This could be due to syntax errors or importing non-existent modules. (see errors above) @ http://localhost:3002/@vite/client:175
[  324285ms] [ERROR] [hmr] Failed to reload /src/pages/TownPage.jsx. This could be due to syntax errors or importing non-existent modules. (see errors above) @ http://localhost:3002/@vite/client:175
[  789433ms] [ERROR] Failed to load resource: the server responded with a status of 500 (Internal Server Error) @ http://localhost:3002/src/data/coreServices.js?t=1775502123751:0
[  789434ms] [ERROR] [hmr] Failed to reload /src/pages/ServicesPage.jsx. This could be due to syntax errors or importing non-existent modules. (see errors above) @ http://localhost:3002/@vite/client:175
[  789434ms] [ERROR] [hmr] Failed to reload /src/pages/MasterSEOPage.jsx. This could be due to syntax errors or importing non-existent modules. (see errors above) @ http://localhost:3002/@vite/client:175
[  789435ms] [ERROR] [hmr] Failed to reload /src/pages/CoreServicePage.jsx. This could be due to syntax errors or importing non-existent modules. (see errors above) @ http://localhost:3002/@vite/client:175
[  789435ms] [ERROR] [hmr] Failed to reload /src/pages/LocalServicePage.jsx. This could be due to syntax errors or importing non-existent modules. (see errors above) @ http://localhost:3002/@vite/client:175
[  789435ms] [ERROR] [hmr] Failed to reload /src/pages/projects/ProjectDetailPage.jsx. This could be due to syntax errors or importing non-existent modules. (see errors above) @ http://localhost:3002/@vite/client:175
[  789436ms] [ERROR] [hmr] Failed to reload /src/pages/HomePage.jsx. This could be due to syntax errors or importing non-existent modules. (see errors above) @ http://localhost:3002/@vite/client:175
[  789436ms] [ERROR] [hmr] Failed to reload /src/App.jsx. This could be due to syntax errors or importing non-existent modules. (see errors above) @ http://localhost:3002/@vite/client:175
[  789437ms] [ERROR] [hmr] Failed to reload /src/pages/TownPage.jsx. This could be due to syntax errors or importing non-existent modules. (see errors above) @ http://localhost:3002/@vite/client:175
