[     832ms] [INFO] %cDownload the React DevTools for a better development experience: https://reactjs.org/link/react-devtools font-weight:bold @ http://localhost:3002/node_modules/.vite/deps/chunk-4JV6IK6A.js?v=01f477be:21548
[     892ms] [ERROR] Warning: React does not recognize the `%s` prop on a DOM element. If you intentionally want it to appear in the DOM as a custom attribute, spell it as lowercase `%s` instead. If you accidentally passed it from a parent component, remove it from the DOM element.%s fetchPriority fetchpriority 
    at img
    at picture
    at div
    at section
    at Hero
    at HomePage
    at RenderedRoute (http://localhost:3002/node_modules/.vite/deps/react-router-dom.js?v=01f477be:4129:5)
    at Outlet (http://localhost:3002/node_modules/.vite/deps/react-router-dom.js?v=01f477be:4535:26)
    at main
    at div
    at SiteLayout
    at RenderedRoute (http://localhost:3002/node_modules/.vite/deps/react-router-dom.js?v=01f477be:4129:5)
    at Routes (http://localhost:3002/node_modules/.vite/deps/react-router-dom.js?v=01f477be:4599:5)
    at App
    at Router (http://localhost:3002/node_modules/.vite/deps/react-router-dom.js?v=01f477be:4542:15)
    at BrowserRouter (http://localhost:3002/node_modules/.vite/deps/react-router-dom.js?v=01f477be:5288:5)
    at _a (http://localhost:3002/node_modules/.vite/deps/react-helmet-async.js?v=01f477be:622:5) @ http://localhost:3002/node_modules/.vite/deps/chunk-4JV6IK6A.js?v=01f477be:518
[    1039ms] [WARNING] ⚠️ React Router Future Flag Warning: React Router will begin wrapping state updates in `React.startTransition` in v7. You can use the `v7_startTransition` future flag to opt-in early. For more information, see https://reactrouter.com/v6/upgrading/future#v7_starttransition. @ http://localhost:3002/node_modules/.vite/deps/react-router-dom.js?v=01f477be:4433
[    1039ms] [WARNING] ⚠️ React Router Future Flag Warning: Relative route resolution within Splat routes is changing in v7. You can use the `v7_relativeSplatPath` future flag to opt-in early. For more information, see https://reactrouter.com/v6/upgrading/future#v7_relativesplatpath. @ http://localhost:3002/node_modules/.vite/deps/react-router-dom.js?v=01f477be:4433
